FloconAndroid/sample-multiplatform/build/intermediates/manifest_merge_blame_file/release/processReleaseMainManifest/manifest-merger-blame-release-report.txt
1<?xml version="1.0" encoding="utf-8"?>
2<manifest xmlns:android="http://schemas.android.com/apk/res/android"
3    package="io.github.openflocon.flocon.myapplication.multi"
4    android:versionCode="1"
5    android:versionName="1.0" >
6
7    <uses-sdk
8        android:minSdkVersion="21"
9        android:targetSdkVersion="36" />
10
11    <uses-permission android:name="android.permission.INTERNET" />
11-->src/androidMain/AndroidManifest.xml:5:5-66
11-->src/androidMain/AndroidManifest.xml:5:22-64
12
13    <permission
13-->[androidx.core:core:1.16.0] AndroidManifest.xml:22:5-24:47
14        android:name="io.github.openflocon.flocon.myapplication.multi.DYNAMIC_RECEIVER_NOT_EXPORTED_PERMISSION"
14-->[androidx.core:core:1.16.0] AndroidManifest.xml:23:9-81
15        android:protectionLevel="signature" />
15-->[androidx.core:core:1.16.0] AndroidManifest.xml:24:9-44
16
17    <uses-permission android:name="io.github.openflocon.flocon.myapplication.multi.DYNAMIC_RECEIVER_NOT_EXPORTED_PERMISSION" />
17-->[androidx.core:core:1.16.0] AndroidManifest.xml:26:5-97
17-->[androidx.core:core:1.16.0] AndroidManifest.xml:26:22-94
18
19    <application
19-->src/androidMain/AndroidManifest.xml:7:5-35:19
20        android:allowBackup="true"
20-->src/androidMain/AndroidManifest.xml:8:9-35
21        android:appComponentFactory="androidx.core.app.CoreComponentFactory"
21-->[androidx.core:core:1.16.0] AndroidManifest.xml:28:18-86
22        android:dataExtractionRules="@xml/data_extraction_rules"
22-->src/androidMain/AndroidManifest.xml:9:9-65
23        android:extractNativeLibs="true"
24        android:fullBackupContent="@xml/backup_rules"
24-->src/androidMain/AndroidManifest.xml:10:9-54
25        android:icon="@mipmap/ic_launcher"
25-->src/androidMain/AndroidManifest.xml:11:9-43
26        android:label="@string/app_name"
26-->src/androidMain/AndroidManifest.xml:12:9-41
27        android:roundIcon="@mipmap/ic_launcher_round"
27-->src/androidMain/AndroidManifest.xml:13:9-54
28        android:supportsRtl="true"
28-->src/androidMain/AndroidManifest.xml:14:9-35
29        android:theme="@style/Theme.MyApplication" >
29-->src/androidMain/AndroidManifest.xml:15:9-51
30        <activity
30-->src/androidMain/AndroidManifest.xml:17:9-34:20
31            android:name="io.github.openflocon.flocon.myapplication.multi.MainActivity"
31-->src/androidMain/AndroidManifest.xml:18:13-41
32            android:exported="true"
32-->src/androidMain/AndroidManifest.xml:19:13-36
33            android:label="@string/app_name"
33-->src/androidMain/AndroidManifest.xml:20:13-45
34            android:theme="@style/Theme.MyApplication" >
34-->src/androidMain/AndroidManifest.xml:21:13-55
35            <intent-filter>
35-->src/androidMain/AndroidManifest.xml:22:13-26:29
36                <action android:name="android.intent.action.MAIN" />
36-->src/androidMain/AndroidManifest.xml:23:17-69
36-->src/androidMain/AndroidManifest.xml:23:25-66
37
38                <category android:name="android.intent.category.LAUNCHER" />
38-->src/androidMain/AndroidManifest.xml:25:17-77
38-->src/androidMain/AndroidManifest.xml:25:27-74
39            </intent-filter>
40            <intent-filter>
40-->src/androidMain/AndroidManifest.xml:28:13-33:29
41                <action android:name="android.intent.action.VIEW" />
41-->src/androidMain/AndroidManifest.xml:29:17-69
41-->src/androidMain/AndroidManifest.xml:29:25-66
42
43                <category android:name="android.intent.category.BROWSABLE" />
43-->src/androidMain/AndroidManifest.xml:30:17-78
43-->src/androidMain/AndroidManifest.xml:30:27-75
44                <category android:name="android.intent.category.DEFAULT" />
44-->src/androidMain/AndroidManifest.xml:31:17-76
44-->src/androidMain/AndroidManifest.xml:31:27-73
45
46                <data android:scheme="flocon" />
46-->src/androidMain/AndroidManifest.xml:32:17-49
46-->src/androidMain/AndroidManifest.xml:32:23-46
47            </intent-filter>
48        </activity>
49
50        <service
50-->[androidx.room:room-runtime-android:2.7.1] AndroidManifest.xml:24:9-28:63
51            android:name="androidx.room.MultiInstanceInvalidationService"
51-->[androidx.room:room-runtime-android:2.7.1] AndroidManifest.xml:25:13-74
52            android:directBootAware="true"
52-->[androidx.room:room-runtime-android:2.7.1] AndroidManifest.xml:26:13-43
53            android:exported="false" />
53-->[androidx.room:room-runtime-android:2.7.1] AndroidManifest.xml:27:13-37
54
55        <provider
55-->[androidx.emoji2:emoji2:1.3.0] AndroidManifest.xml:24:9-32:20
56            android:name="androidx.startup.InitializationProvider"
56-->[androidx.emoji2:emoji2:1.3.0] AndroidManifest.xml:25:13-67
57            android:authorities="io.github.openflocon.flocon.myapplication.multi.androidx-startup"
57-->[androidx.emoji2:emoji2:1.3.0] AndroidManifest.xml:26:13-68
58            android:exported="false" >
58-->[androidx.emoji2:emoji2:1.3.0] AndroidManifest.xml:27:13-37
59            <meta-data
59-->[androidx.emoji2:emoji2:1.3.0] AndroidManifest.xml:29:13-31:52
60                android:name="androidx.emoji2.text.EmojiCompatInitializer"
60-->[androidx.emoji2:emoji2:1.3.0] AndroidManifest.xml:30:17-75
61                android:value="androidx.startup" />
61-->[androidx.emoji2:emoji2:1.3.0] AndroidManifest.xml:31:17-49
62            <meta-data
62-->[androidx.lifecycle:lifecycle-process:2.9.1] AndroidManifest.xml:29:13-31:52
63                android:name="androidx.lifecycle.ProcessLifecycleInitializer"
63-->[androidx.lifecycle:lifecycle-process:2.9.1] AndroidManifest.xml:30:17-78
64                android:value="androidx.startup" />
64-->[androidx.lifecycle:lifecycle-process:2.9.1] AndroidManifest.xml:31:17-49
65            <meta-data
65-->[androidx.profileinstaller:profileinstaller:1.4.0] AndroidManifest.xml:29:13-31:52
66                android:name="androidx.profileinstaller.ProfileInstallerInitializer"
66-->[androidx.profileinstaller:profileinstaller:1.4.0] AndroidManifest.xml:30:17-85
67                android:value="androidx.startup" />
67-->[androidx.profileinstaller:profileinstaller:1.4.0] AndroidManifest.xml:31:17-49
68        </provider>
69
70        <receiver
70-->[androidx.profileinstaller:profileinstaller:1.4.0] AndroidManifest.xml:34:9-52:20
71            android:name="androidx.profileinstaller.ProfileInstallReceiver"
71-->[androidx.profileinstaller:profileinstaller:1.4.0] AndroidManifest.xml:35:13-76
72            android:directBootAware="false"
72-->[androidx.profileinstaller:profileinstaller:1.4.0] AndroidManifest.xml:36:13-44
73            android:enabled="true"
73-->[androidx.profileinstaller:profileinstaller:1.4.0] AndroidManifest.xml:37:13-35
74            android:exported="true"
74-->[androidx.profileinstaller:profileinstaller:1.4.0] AndroidManifest.xml:38:13-36
75            android:permission="android.permission.DUMP" >
75-->[androidx.profileinstaller:profileinstaller:1.4.0] AndroidManifest.xml:39:13-57
76            <intent-filter>
76-->[androidx.profileinstaller:profileinstaller:1.4.0] AndroidManifest.xml:40:13-42:29
77                <action android:name="androidx.profileinstaller.action.INSTALL_PROFILE" />
77-->[androidx.profileinstaller:profileinstaller:1.4.0] AndroidManifest.xml:41:17-91
77-->[androidx.profileinstaller:profileinstaller:1.4.0] AndroidManifest.xml:41:25-88
78            </intent-filter>
79            <intent-filter>
79-->[androidx.profileinstaller:profileinstaller:1.4.0] AndroidManifest.xml:43:13-45:29
80                <action android:name="androidx.profileinstaller.action.SKIP_FILE" />
80-->[androidx.profileinstaller:profileinstaller:1.4.0] AndroidManifest.xml:44:17-85
80-->[androidx.profileinstaller:profileinstaller:1.4.0] AndroidManifest.xml:44:25-82
81            </intent-filter>
82            <intent-filter>
82-->[androidx.profileinstaller:profileinstaller:1.4.0] AndroidManifest.xml:46:13-48:29
83                <action android:name="androidx.profileinstaller.action.SAVE_PROFILE" />
83-->[androidx.profileinstaller:profileinstaller:1.4.0] AndroidManifest.xml:47:17-88
83-->[androidx.profileinstaller:profileinstaller:1.4.0] AndroidManifest.xml:47:25-85
84            </intent-filter>
85            <intent-filter>
85-->[androidx.profileinstaller:profileinstaller:1.4.0] AndroidManifest.xml:49:13-51:29
86                <action android:name="androidx.profileinstaller.action.BENCHMARK_OPERATION" />
86-->[androidx.profileinstaller:profileinstaller:1.4.0] AndroidManifest.xml:50:17-95
86-->[androidx.profileinstaller:profileinstaller:1.4.0] AndroidManifest.xml:50:25-92
87            </intent-filter>
88        </receiver>
89    </application>
90
91</manifest>